<?xml version="1.0" encoding="UTF-8"?>
<!-- Generated by org.testng.reporters.JUnitXMLReporter -->
<testsuite hostname="DESKTOP-97PDBKT" ignored="1" name="Test Ilestiner" tests="6" failures="0" timestamp="17 Mar 2020 18:11:28 GMT" time="0.338" errors="0">
  <testcase name="logOut" time="0.063" classname="tutorial1.test3"/>
  <testcase name="publicWait" time="0.047" classname="tutorial1.test3"/>
  <testcase name="afterLogIn" time="0.016" classname="tutorial1.test4"/>
  <testcase name="beforeLogOut" time="0.015" classname="tutorial1.test4"/>
  <testcase name="beforeLogin" time="0.016" classname="tutorial1.test4"/>
  <testcase name="afterLogout" time="0.015" classname="tutorial1.test4"/>
  <testcase name="logIn" time="0.0" classname="tutorial1.test3">
    <ignored/>
  </testcase> <!-- logIn -->
</testsuite> <!-- Test Ilestiner -->
